2019-05-17 11:02:25,624===========   DEBUG++++++++debug log
2019-05-17 11:02:25,630===========    INFO++++++++info log
2019-05-17 11:02:25,630=========== WARNING++++++++warning log
2019-05-17 11:02:25,630===========   ERROR++++++++error log
2019-05-17 11:02:25,630===========CRITICAL++++++++critical log
2019-05-17 11:02:25,630===========   DEBUG++++++++debug log
2019-05-17 11:02:25,631===========    INFO++++++++info log
2019-05-17 11:02:25,631=========== WARNING++++++++warning log
2019-05-17 11:02:25,631===========   ERROR++++++++error log
2019-05-17 11:02:25,631===========CRITICAL++++++++critical log
2019-05-17 11:02:25,759===========   DEBUG++++++++debug log
2019-05-17 11:02:25,849===========    INFO++++++++info log
2019-05-17 11:02:25,849=========== WARNING++++++++warning log
2019-05-17 11:02:25,851===========   ERROR++++++++error log
2019-05-17 11:02:25,853===========CRITICAL++++++++critical log
2019-05-17 11:03:43,834===========   DEBUG++++++++debug log
2019-05-17 11:03:43,835===========    INFO++++++++info log
2019-05-17 11:03:43,835=========== WARNING++++++++warning log
2019-05-17 11:03:43,835===========   ERROR++++++++error log
2019-05-17 11:03:43,835===========CRITICAL++++++++critical log
2019-05-17 11:03:43,835===========   DEBUG++++++++debug log
2019-05-17 11:03:43,835===========    INFO++++++++info log
2019-05-17 11:03:43,835=========== WARNING++++++++warning log
2019-05-17 11:03:43,835===========   ERROR++++++++error log
2019-05-17 11:03:43,835===========CRITICAL++++++++critical log
2019-05-17 11:03:43,850===========   DEBUG++++++++debug log
2019-05-17 11:03:43,850===========    INFO++++++++info log
2019-05-17 11:03:43,850=========== WARNING++++++++warning log
2019-05-17 11:03:43,850===========   ERROR++++++++error log
2019-05-17 11:03:43,857===========CRITICAL++++++++critical log
2019-05-17 11:05:28,299===========   DEBUG++++++++debug log
2019-05-17 11:05:28,299===========    INFO++++++++info log
2019-05-17 11:05:28,299=========== WARNING++++++++warning log
2019-05-17 11:05:28,299===========   ERROR++++++++error log
2019-05-17 11:05:28,299===========CRITICAL++++++++critical log
2019-05-17 11:05:28,299===========   DEBUG++++++++debug log
2019-05-17 11:05:28,299===========    INFO++++++++info log
2019-05-17 11:05:28,299=========== WARNING++++++++warning log
2019-05-17 11:05:28,299===========   ERROR++++++++error log
2019-05-17 11:05:28,299===========CRITICAL++++++++critical log
2019-05-17 11:05:28,311===========   DEBUG++++++++debug log
2019-05-17 11:05:28,312===========    INFO++++++++info log
2019-05-17 11:05:28,312=========== WARNING++++++++warning log
2019-05-17 11:05:28,312===========   ERROR++++++++error log
2019-05-17 11:05:28,313===========CRITICAL++++++++critical log
2019-05-17 11:06:46,540===========   DEBUG++++++++debug log
2019-05-17 11:06:46,540===========    INFO++++++++info log
2019-05-17 11:06:46,541=========== WARNING++++++++warning log
2019-05-17 11:06:46,541===========   ERROR++++++++error log
2019-05-17 11:06:46,541===========CRITICAL++++++++critical log
2019-05-17 11:06:46,541===========   DEBUG++++++++debug log
2019-05-17 11:06:46,541===========    INFO++++++++info log
2019-05-17 11:06:46,541=========== WARNING++++++++warning log
2019-05-17 11:06:46,541===========   ERROR++++++++error log
2019-05-17 11:06:46,541===========CRITICAL++++++++critical log
2019-05-17 11:06:46,554===========   DEBUG++++++++debug log
2019-05-17 11:06:46,554===========    INFO++++++++info log
2019-05-17 11:06:46,554=========== WARNING++++++++warning log
2019-05-17 11:06:46,554===========   ERROR++++++++error log
2019-05-17 11:06:46,554===========CRITICAL++++++++critical log
